<?xml version="1.0" encoding="UTF-8"?>
<!-- Generated by org.testng.reporters.JUnitReportReporter -->
<testsuite hostname="MihirsLegion" failures="0" tests="1" name="IntegrationTest.WordApplicationTest" time="2.813" errors="0" timestamp="2025-05-19T17:26:53 IST" skipped="0">
  <testcase classname="IntegrationTest.WordApplicationTest" name="verifyPalindromeWithInvalidTwoWord" time="2.813"/>
</testsuite> <!-- IntegrationTest.WordApplicationTest -->
