<?xml version="1.0" encoding="UTF-8"?>
<!-- Generated by org.testng.reporters.JUnitReportReporter -->
<testsuite hostname="MihirsLegion" failures="0" tests="1" name="UnitTests.WordFunctionTests" time="0.010" errors="0" timestamp="2025-05-19T16:29:27 IST" skipped="0">
  <testcase classname="UnitTests.WordFunctionTests" name="verifyPalindromeWithValidWord" time="0.010"/>
</testsuite> <!-- UnitTests.WordFunctionTests -->
